Flow report for RiscVCPU_top
Mon Nov 20 21:36:09 2023
Quartus Prime Version 17.1.0 Build 590 10/25/2017 SJ Standard Edition


---------------------
; Table of Contents ;
---------------------
  1. Legal Notice
  2. Flow Summary
  3. Flow Settings
  4. Flow Non-Default Global Settings
  5. Flow Elapsed Time
  6. Flow OS Summary
  7. Flow Log
  8. Flow Messages
  9. Flow Suppressed Messages



----------------
; Legal Notice ;
----------------
Copyright (C) 2017  Intel Corporation. All rights reserved.
Your use of Intel Corporation's design tools, logic functions 
and other software and tools, and its AMPP partner logic 
functions, and any output files from any of the foregoing 
(including device programming or simulation files), and any 
associated documentation or information are expressly subject 
to the terms and conditions of the Intel Program License 
Subscription Agreement, the Intel Quartus Prime License Agreement,
the Intel FPGA IP License Agreement, or other applicable license
agreement, including, without limitation, that your use is for
the sole purpose of programming logic devices manufactured by
Intel and sold by Intel or its authorized distributors.  Please
refer to the applicable agreement for further details.



+--------------------------------------------------------------------------------------+
; Flow Summary                                                                         ;
+------------------------------------+-------------------------------------------------+
; Flow Status                        ; Successful - Mon Nov 20 21:36:09 2023           ;
; Quartus Prime Version              ; 17.1.0 Build 590 10/25/2017 SJ Standard Edition ;
; Revision Name                      ; RiscVCPU_top                                    ;
; Top-level Entity Name              ; RiscVCPU_top                                    ;
; Family                             ; Cyclone IV E                                    ;
; Device                             ; EP4CE115F29I7                                   ;
; Timing Models                      ; Final                                           ;
; Total logic elements               ; 37 / 114,480 ( < 1 % )                          ;
;     Total combinational functions  ; 36 / 114,480 ( < 1 % )                          ;
;     Dedicated logic registers      ; 23 / 114,480 ( < 1 % )                          ;
; Total registers                    ; 23                                              ;
; Total pins                         ; 276 / 529 ( 52 % )                              ;
; Total virtual pins                 ; 0                                               ;
; Total memory bits                  ; 2 / 3,981,312 ( < 1 % )                         ;
; Embedded Multiplier 9-bit elements ; 0 / 532 ( 0 % )                                 ;
; Total PLLs                         ; 0 / 4 ( 0 % )                                   ;
+------------------------------------+-------------------------------------------------+


+-----------------------------------------+
; Flow Settings                           ;
+-------------------+---------------------+
; Option            ; Setting             ;
+-------------------+---------------------+
; Start date & time ; 11/20/2023 21:35:29 ;
; Main task         ; Compilation         ;
; Revision Name     ; RiscVCPU_top        ;
+-------------------+---------------------+


+-------------------------------------------------------------------------------------------------------------------------------+
; Flow Non-Default Global Settings                                                                                              ;
+--------------------------------------+----------------------------------------+---------------+-------------+-----------------+
; Assignment Name                      ; Value                                  ; Default Value ; Entity Name ; Section Id      ;
+--------------------------------------+----------------------------------------+---------------+-------------+-----------------+
; COMPILER_SIGNATURE_ID                ; 105658697765055.170048732803244        ; --            ; --          ; --              ;
; EDA_DESIGN_INSTANCE_NAME             ; NA                                     ; --            ; --          ; RiscVCPU_top_tb ;
; EDA_NATIVELINK_SIMULATION_TEST_BENCH ; RiscVCPU_top_tb                        ; --            ; --          ; eda_simulation  ;
; EDA_OUTPUT_DATA_FORMAT               ; Verilog Hdl                            ; --            ; --          ; eda_simulation  ;
; EDA_SIMULATION_TOOL                  ; ModelSim-Altera (Verilog)              ; <None>        ; --          ; --              ;
; EDA_TEST_BENCH_ENABLE_STATUS         ; TEST_BENCH_MODE                        ; --            ; --          ; eda_simulation  ;
; EDA_TEST_BENCH_FILE                  ; RiscVCPU_top_tb.v                      ; --            ; --          ; RiscVCPU_top_tb ;
; EDA_TEST_BENCH_MODULE_NAME           ; RiscVCPU_top_tb                        ; --            ; --          ; RiscVCPU_top_tb ;
; EDA_TEST_BENCH_NAME                  ; RiscVCPU_top_tb                        ; --            ; --          ; eda_simulation  ;
; EDA_TIME_SCALE                       ; 1 ps                                   ; --            ; --          ; eda_simulation  ;
; MAX_CORE_JUNCTION_TEMP               ; 100                                    ; --            ; --          ; --              ;
; MIN_CORE_JUNCTION_TEMP               ; -40                                    ; --            ; --          ; --              ;
; NOMINAL_CORE_SUPPLY_VOLTAGE          ; 1.2V                                   ; --            ; --          ; --              ;
; PARTITION_COLOR                      ; -- (Not supported for targeted family) ; --            ; --          ; Top             ;
; PARTITION_FITTER_PRESERVATION_LEVEL  ; -- (Not supported for targeted family) ; --            ; --          ; Top             ;
; PARTITION_NETLIST_TYPE               ; -- (Not supported for targeted family) ; --            ; --          ; Top             ;
; POWER_BOARD_THERMAL_MODEL            ; None (CONSERVATIVE)                    ; --            ; --          ; --              ;
; POWER_PRESET_COOLING_SOLUTION        ; 23 MM HEAT SINK WITH 200 LFPM AIRFLOW  ; --            ; --          ; --              ;
; PROJECT_OUTPUT_DIRECTORY             ; output_files                           ; --            ; --          ; --              ;
+--------------------------------------+----------------------------------------+---------------+-------------+-----------------+


+-------------------------------------------------------------------------------------------------------------------------------+
; Flow Elapsed Time                                                                                                             ;
+---------------------------+--------------+-------------------------+---------------------+------------------------------------+
; Module Name               ; Elapsed Time ; Average Processors Used ; Peak Virtual Memory ; Total CPU Time (on all processors) ;
+---------------------------+--------------+-------------------------+---------------------+------------------------------------+
; Analysis & Synthesis      ; 00:00:11     ; 1.0                     ; 4842 MB             ; 00:00:21                           ;
; Fitter                    ; 00:00:21     ; 1.0                     ; 6722 MB             ; 00:00:33                           ;
; Assembler                 ; 00:00:03     ; 1.0                     ; 4680 MB             ; 00:00:03                           ;
; TimeQuest Timing Analyzer ; 00:00:02     ; 1.1                     ; 4980 MB             ; 00:00:02                           ;
; EDA Netlist Writer        ; 00:00:00     ; 1.0                     ; 4648 MB             ; 00:00:01                           ;
; Total                     ; 00:00:37     ; --                      ; --                  ; 00:01:00                           ;
+---------------------------+--------------+-------------------------+---------------------+------------------------------------+


+-----------------------------------------------------------------------------------------+
; Flow OS Summary                                                                         ;
+---------------------------+------------------+------------+------------+----------------+
; Module Name               ; Machine Hostname ; OS Name    ; OS Version ; Processor type ;
+---------------------------+------------------+------------+------------+----------------+
; Analysis & Synthesis      ; Asukaki          ; Windows 10 ; 10.0       ; x86_64         ;
; Fitter                    ; Asukaki          ; Windows 10 ; 10.0       ; x86_64         ;
; Assembler                 ; Asukaki          ; Windows 10 ; 10.0       ; x86_64         ;
; TimeQuest Timing Analyzer ; Asukaki          ; Windows 10 ; 10.0       ; x86_64         ;
; EDA Netlist Writer        ; Asukaki          ; Windows 10 ; 10.0       ; x86_64         ;
+---------------------------+------------------+------------+------------+----------------+


------------
; Flow Log ;
------------
quartus_map --read_settings_files=on --write_settings_files=off RiscVCPU_top -c RiscVCPU_top
quartus_fit --read_settings_files=off --write_settings_files=off RiscVCPU_top -c RiscVCPU_top
quartus_asm --read_settings_files=off --write_settings_files=off RiscVCPU_top -c RiscVCPU_top
quartus_sta RiscVCPU_top -c RiscVCPU_top
quartus_eda --read_settings_files=off --write_settings_files=off RiscVCPU_top -c RiscVCPU_top



